2025-02-20 16:00:56,733 - 2781736-MainThread - /mnt/固态/project/github/python/jd_seckill/jd_spider_requests.py[line:84] - INFO: 校验是否登录[成功]
2025-02-20 16:00:56,901 - 2781736-MainThread - /mnt/固态/project/github/python/jd_seckill/jd_spider_requests.py[line:85] - INFO: 用户:jd_135330zkl
2025-02-20 16:00:57,571 - 2781736-MainThread - /mnt/固态/project/github/python/jd_seckill/jd_spider_requests.py[line:100] - INFO: 商品名称:【技嘉GV-N5080AORUS M-16GD】技嘉5080显卡 超级雕 GeForce RTX 5080 AORUS MASTER OC 16G DLSS4电竞设计AI智能【注册四年保】 【行情 报价 价格 评测】-京东
2025-02-20 16:00:58,466 - 2781736-MainThread - /mnt/固态/project/github/python/jd_seckill/jd_spider_requests.py[line:100] - INFO: 商品名称:【技嘉GV-N5080AORUS M-16GD】技嘉5080显卡 超级雕 GeForce RTX 5080 AORUS MASTER OC 16G DLSS4电竞设计AI智能【注册四年保】 【行情 报价 价格 评测】-京东
2025-02-20 16:00:59,014 - 2781736-MainThread - /mnt/固态/project/github/python/jd_seckill/jd_spider_requests.py[line:100] - INFO: 商品名称:【技嘉GV-N5080AORUS M-16GD】技嘉5080显卡 超级雕 GeForce RTX 5080 AORUS MASTER OC 16G DLSS4电竞设计AI智能【注册四年保】 【行情 报价 价格 评测】-京东
2025-02-20 16:00:59,583 - 2781736-MainThread - /mnt/固态/project/github/python/jd_seckill/jd_spider_requests.py[line:100] - INFO: 商品名称:【技嘉GV-N5080AORUS M-16GD】技嘉5080显卡 超级雕 GeForce RTX 5080 AORUS MASTER OC 16G DLSS4电竞设计AI智能【注册四年保】 【行情 报价 价格 评测】-京东
2025-02-20 16:01:45,563 - 2782947-MainThread - /home/qjs/extra_disk/project/github/python/jd_seckill/jd_spider_requests.py[line:84] - INFO: 校验是否登录[成功]
2025-02-20 16:01:45,989 - 2782947-MainThread - /home/qjs/extra_disk/project/github/python/jd_seckill/jd_spider_requests.py[line:85] - INFO: 用户:jd_135330zkl
2025-02-20 16:01:46,336 - 2782947-MainThread - /home/qjs/extra_disk/project/github/python/jd_seckill/jd_spider_requests.py[line:100] - INFO: 商品名称:【技嘉GV-N5080AORUS M-16GD】技嘉5080显卡 超级雕 GeForce RTX 5080 AORUS MASTER OC 16G DLSS4电竞设计AI智能【注册四年保】 【行情 报价 价格 评测】-京东
2025-02-20 16:02:23,732 - 2782947-MainThread - /home/qjs/extra_disk/project/github/python/jd_seckill/jd_spider_requests.py[line:100] - INFO: 商品名称:【技嘉GV-N5080AORUS M-16GD】技嘉5080显卡 超级雕 GeForce RTX 5080 AORUS MASTER OC 16G DLSS4电竞设计AI智能【注册四年保】 【行情 报价 价格 评测】-京东
2025-02-20 16:02:46,915 - 2784745-MainThread - /home/qjs/extra_disk/project/github/python/jd_seckill/jd_spider_requests.py[line:84] - INFO: 校验是否登录[成功]
2025-02-20 16:02:47,076 - 2784745-MainThread - /home/qjs/extra_disk/project/github/python/jd_seckill/jd_spider_requests.py[line:85] - INFO: 用户:jd_135330zkl
2025-02-20 16:02:47,740 - 2784745-MainThread - /home/qjs/extra_disk/project/github/python/jd_seckill/jd_spider_requests.py[line:100] - INFO: 商品名称:【技嘉GV-N5080AORUS M-16GD】技嘉5080显卡 超级雕 GeForce RTX 5080 AORUS MASTER OC 16G DLSS4电竞设计AI智能【注册四年保】 【行情 报价 价格 评测】-京东
2025-02-20 16:05:00,647 - 2788042-MainThread - /home/qjs/extra_disk/project/github/python/jd_seckill/jd_spider_requests.py[line:84] - INFO: 校验是否登录[成功]
2025-02-20 16:05:01,290 - 2788042-MainThread - /home/qjs/extra_disk/project/github/python/jd_seckill/jd_spider_requests.py[line:85] - INFO: 用户:jd_135330zkl
2025-02-20 16:05:01,767 - 2788042-MainThread - /home/qjs/extra_disk/project/github/python/jd_seckill/jd_spider_requests.py[line:100] - INFO: 商品名称:【技嘉GV-N5080AORUS M-16GD】技嘉5080显卡 超级雕 GeForce RTX 5080 AORUS MASTER OC 16G DLSS4电竞设计AI智能【注册四年保】 【行情 报价 价格 评测】-京东
2025-02-20 16:07:31,618 - 2808576-MainThread - /home/qjs/extra_disk/project/github/python/jd_seckill/jd_spider_requests.py[line:84] - INFO: 校验是否登录[成功]
2025-02-20 16:07:32,210 - 2808576-MainThread - /home/qjs/extra_disk/project/github/python/jd_seckill/jd_spider_requests.py[line:85] - INFO: 用户:jd_135330zkl
2025-02-20 16:07:32,527 - 2808576-MainThread - /home/qjs/extra_disk/project/github/python/jd_seckill/jd_spider_requests.py[line:100] - INFO: 商品名称:【技嘉GV-N5080AORUS M-16GD】技嘉5080显卡 超级雕 GeForce RTX 5080 AORUS MASTER OC 16G DLSS4电竞设计AI智能【注册四年保】 【行情 报价 价格 评测】-京东
2025-02-20 16:08:10,050 - 2808576-MainThread - /home/qjs/extra_disk/project/github/python/jd_seckill/jd_spider_requests.py[line:100] - INFO: 商品名称:【技嘉GV-N5080AORUS M-16GD】技嘉5080显卡 超级雕 GeForce RTX 5080 AORUS MASTER OC 16G DLSS4电竞设计AI智能【注册四年保】 【行情 报价 价格 评测】-京东
2025-02-20 16:08:13,803 - 2808576-MainThread - /home/qjs/extra_disk/project/github/python/jd_seckill/jd_spider_requests.py[line:100] - INFO: 商品名称:【技嘉GV-N5080AORUS M-16GD】技嘉5080显卡 超级雕 GeForce RTX 5080 AORUS MASTER OC 16G DLSS4电竞设计AI智能【注册四年保】 【行情 报价 价格 评测】-京东
2025-02-20 16:14:23,048 - 2818973-MainThread - /mnt/固态/project/github/python/jd_seckill/jd_spider_requests.py[line:84] - INFO: 校验是否登录[成功]
2025-02-20 16:14:23,703 - 2818973-MainThread - /mnt/固态/project/github/python/jd_seckill/jd_spider_requests.py[line:85] - INFO: 用户:jd_135330zkl
2025-02-20 16:14:24,746 - 2818973-MainThread - /mnt/固态/project/github/python/jd_seckill/jd_spider_requests.py[line:100] - INFO: 商品名称:【七彩虹RTX显卡】七彩虹（Colorful）iGame GeForce RTX 5080 Vulcan OC 16GB GDDR7 DLSS 4 电竞光追游戏设计电脑显卡【行情 报价 价格 评测】-京东
2025-02-20 16:14:26,329 - 2818973-MainThread - /mnt/固态/project/github/python/jd_seckill/jd_spider_requests.py[line:100] - INFO: 商品名称:【七彩虹RTX显卡】七彩虹（Colorful）iGame GeForce RTX 5080 Vulcan OC 16GB GDDR7 DLSS 4 电竞光追游戏设计电脑显卡【行情 报价 价格 评测】-京东
2025-02-20 16:14:26,987 - 2818973-MainThread - /mnt/固态/project/github/python/jd_seckill/jd_spider_requests.py[line:100] - INFO: 商品名称:【七彩虹RTX显卡】七彩虹（Colorful）iGame GeForce RTX 5080 Vulcan OC 16GB GDDR7 DLSS 4 电竞光追游戏设计电脑显卡【行情 报价 价格 评测】-京东
2025-02-20 16:14:27,530 - 2818973-MainThread - /mnt/固态/project/github/python/jd_seckill/jd_spider_requests.py[line:100] - INFO: 商品名称:【七彩虹RTX显卡】七彩虹（Colorful）iGame GeForce RTX 5080 Vulcan OC 16GB GDDR7 DLSS 4 电竞光追游戏设计电脑显卡【行情 报价 价格 评测】-京东
2025-02-20 16:14:28,237 - 2818973-MainThread - /mnt/固态/project/github/python/jd_seckill/jd_spider_requests.py[line:100] - INFO: 商品名称:【七彩虹RTX显卡】七彩虹（Colorful）iGame GeForce RTX 5080 Vulcan OC 16GB GDDR7 DLSS 4 电竞光追游戏设计电脑显卡【行情 报价 价格 评测】-京东
2025-02-20 16:28:35,444 - 2839155-MainThread - /home/qjs/extra_disk/project/github/python/jd_seckill/jd_spider_requests.py[line:86] - INFO: 校验是否登录[成功]
2025-02-20 16:28:35,775 - 2839155-MainThread - /home/qjs/extra_disk/project/github/python/jd_seckill/jd_spider_requests.py[line:87] - INFO: 用户:jd_135330zkl
2025-02-20 16:28:36,149 - 2839155-MainThread - /home/qjs/extra_disk/project/github/python/jd_seckill/jd_spider_requests.py[line:102] - INFO: 商品名称:【七彩虹RTX显卡】七彩虹（Colorful）iGame GeForce RTX 5080 Vulcan OC 16GB GDDR7 DLSS 4 电竞光追游戏设计电脑显卡【行情 报价 价格 评测】-京东
2025-02-20 16:36:29,648 - 2851210-MainThread - /home/qjs/extra_disk/project/github/python/jd_seckill/jd_spider_requests.py[line:87] - INFO: 校验是否登录[成功]
2025-02-20 16:36:29,807 - 2851210-MainThread - /home/qjs/extra_disk/project/github/python/jd_seckill/jd_spider_requests.py[line:88] - INFO: 用户:jd_135330zkl
2025-02-20 16:36:30,386 - 2851210-MainThread - /home/qjs/extra_disk/project/github/python/jd_seckill/jd_spider_requests.py[line:103] - INFO: 商品名称:【七彩虹RTX显卡】七彩虹（Colorful）iGame GeForce RTX 5080 Vulcan OC 16GB GDDR7 DLSS 4 电竞光追游戏设计电脑显卡【行情 报价 价格 评测】-京东
2025-02-20 16:52:56,580 - 2893897-MainThread - /home/qjs/extra_disk/project/github/python/jd_seckill/jd_spider_requests.py[line:88] - INFO: 校验是否登录[成功]
2025-02-20 16:52:57,117 - 2893897-MainThread - /home/qjs/extra_disk/project/github/python/jd_seckill/jd_spider_requests.py[line:89] - INFO: 用户:jd_135330zkl
2025-02-20 16:52:57,775 - 2893897-MainThread - /home/qjs/extra_disk/project/github/python/jd_seckill/jd_spider_requests.py[line:104] - INFO: 商品名称:【七彩虹RTX显卡】七彩虹（Colorful）iGame GeForce RTX 5080 Vulcan OC 16GB GDDR7 DLSS 4 电竞光追游戏设计电脑显卡【行情 报价 价格 评测】-京东
2025-02-20 16:53:00,069 - 2893897-MainThread - /home/qjs/extra_disk/project/github/python/jd_seckill/jd_spider_requests.py[line:104] - INFO: 商品名称:【七彩虹RTX显卡】七彩虹（Colorful）iGame GeForce RTX 5080 Vulcan OC 16GB GDDR7 DLSS 4 电竞光追游戏设计电脑显卡【行情 报价 价格 评测】-京东
2025-02-20 16:53:02,313 - 2893897-MainThread - /home/qjs/extra_disk/project/github/python/jd_seckill/jd_spider_requests.py[line:104] - INFO: 商品名称:【七彩虹RTX显卡】七彩虹（Colorful）iGame GeForce RTX 5080 Vulcan OC 16GB GDDR7 DLSS 4 电竞光追游戏设计电脑显卡【行情 报价 价格 评测】-京东
2025-02-20 16:53:04,729 - 2893897-MainThread - /home/qjs/extra_disk/project/github/python/jd_seckill/jd_spider_requests.py[line:104] - INFO: 商品名称:【七彩虹RTX显卡】七彩虹（Colorful）iGame GeForce RTX 5080 Vulcan OC 16GB GDDR7 DLSS 4 电竞光追游戏设计电脑显卡【行情 报价 价格 评测】-京东
2025-02-20 16:53:06,458 - 2893897-MainThread - /usr/lib/python3.12/asyncio/base_events.py[line:1821] - ERROR: Future exception was never retrieved
future: <Future finished exception=TargetClosedError('Target page, context or browser has been closed')>
playwright._impl._errors.TargetClosedError: Target page, context or browser has been closed
2025-02-20 16:54:07,575 - 2896195-MainThread - /home/qjs/extra_disk/project/github/python/jd_seckill/jd_spider_requests.py[line:88] - INFO: 校验是否登录[成功]
2025-02-20 16:54:08,022 - 2896195-MainThread - /home/qjs/extra_disk/project/github/python/jd_seckill/jd_spider_requests.py[line:89] - INFO: 用户:jd_135330zkl
2025-02-20 16:54:08,365 - 2896195-MainThread - /home/qjs/extra_disk/project/github/python/jd_seckill/jd_spider_requests.py[line:104] - INFO: 商品名称:【七彩虹RTX显卡】七彩虹（Colorful）iGame GeForce RTX 5080 Vulcan OC 16GB GDDR7 DLSS 4 电竞光追游戏设计电脑显卡【行情 报价 价格 评测】-京东
2025-02-20 16:59:13,904 - 2903914-MainThread - /home/qjs/extra_disk/project/github/python/jd_seckill/jd_spider_requests.py[line:88] - INFO: 校验是否登录[成功]
2025-02-20 16:59:14,039 - 2903914-MainThread - /home/qjs/extra_disk/project/github/python/jd_seckill/jd_spider_requests.py[line:89] - INFO: 用户:jd_135330zkl
2025-02-20 16:59:14,496 - 2903914-MainThread - /home/qjs/extra_disk/project/github/python/jd_seckill/jd_spider_requests.py[line:104] - INFO: 商品名称:【七彩虹RTX显卡】七彩虹（Colorful）iGame GeForce RTX 5080 Vulcan OC 16GB GDDR7 DLSS 4 电竞光追游戏设计电脑显卡【行情 报价 价格 评测】-京东
2025-02-20 16:59:39,256 - 2903914-MainThread - /home/qjs/extra_disk/project/github/python/jd_seckill/jd_spider_requests.py[line:104] - INFO: 商品名称:【七彩虹RTX显卡】七彩虹（Colorful）iGame GeForce RTX 5080 Vulcan OC 16GB GDDR7 DLSS 4 电竞光追游戏设计电脑显卡【行情 报价 价格 评测】-京东
2025-02-20 16:59:49,394 - 2903914-MainThread - /home/qjs/extra_disk/project/github/python/jd_seckill/jd_spider_requests.py[line:104] - INFO: 商品名称:【七彩虹RTX显卡】七彩虹（Colorful）iGame GeForce RTX 5080 Vulcan OC 16GB GDDR7 DLSS 4 电竞光追游戏设计电脑显卡【行情 报价 价格 评测】-京东
2025-02-20 16:59:50,257 - 2903914-MainThread - /home/qjs/extra_disk/project/github/python/jd_seckill/jd_spider_requests.py[line:104] - INFO: 商品名称:【七彩虹RTX显卡】七彩虹（Colorful）iGame GeForce RTX 5080 Vulcan OC 16GB GDDR7 DLSS 4 电竞光追游戏设计电脑显卡【行情 报价 价格 评测】-京东
2025-02-20 16:59:51,148 - 2903914-MainThread - /home/qjs/extra_disk/project/github/python/jd_seckill/jd_spider_requests.py[line:104] - INFO: 商品名称:【七彩虹RTX显卡】七彩虹（Colorful）iGame GeForce RTX 5080 Vulcan OC 16GB GDDR7 DLSS 4 电竞光追游戏设计电脑显卡【行情 报价 价格 评测】-京东
2025-02-20 16:59:52,018 - 2903914-MainThread - /home/qjs/extra_disk/project/github/python/jd_seckill/jd_spider_requests.py[line:104] - INFO: 商品名称:【七彩虹RTX显卡】七彩虹（Colorful）iGame GeForce RTX 5080 Vulcan OC 16GB GDDR7 DLSS 4 电竞光追游戏设计电脑显卡【行情 报价 价格 评测】-京东
2025-02-20 16:59:52,695 - 2903914-MainThread - /usr/lib/python3.12/asyncio/base_events.py[line:1821] - ERROR: Task was destroyed but it is pending!
task: <Task pending name='Task-53' coro=<Connection.run.<locals>.init() running at /home/qjs/extra_disk/project/github/python/jd_seckill/.venv/lib/python3.12/site-packages/playwright/_impl/_connection.py:277> wait_for=<Future pending cb=[Task.task_wakeup()]> cb=[ProtocolCallback.__init__.<locals>.cb() at /home/qjs/extra_disk/project/github/python/jd_seckill/.venv/lib/python3.12/site-packages/playwright/_impl/_connection.py:198]>
2025-02-20 17:00:53,602 - 2906984-MainThread - /home/qjs/extra_disk/project/github/python/jd_seckill/jd_spider_requests.py[line:88] - INFO: 校验是否登录[成功]
2025-02-20 17:00:54,090 - 2906984-MainThread - /home/qjs/extra_disk/project/github/python/jd_seckill/jd_spider_requests.py[line:89] - INFO: 用户:jd_135330zkl
2025-02-20 17:00:54,542 - 2906984-MainThread - /home/qjs/extra_disk/project/github/python/jd_seckill/jd_spider_requests.py[line:104] - INFO: 商品名称:【七彩虹RTX显卡】七彩虹（Colorful）iGame GeForce RTX 5080 Vulcan OC 16GB GDDR7 DLSS 4 电竞光追游戏设计电脑显卡【行情 报价 价格 评测】-京东
2025-02-20 17:00:55,376 - 2906984-MainThread - /home/qjs/extra_disk/project/github/python/jd_seckill/jd_spider_requests.py[line:104] - INFO: 商品名称:【七彩虹RTX显卡】七彩虹（Colorful）iGame GeForce RTX 5080 Vulcan OC 16GB GDDR7 DLSS 4 电竞光追游戏设计电脑显卡【行情 报价 价格 评测】-京东
2025-02-20 17:00:56,218 - 2906984-MainThread - /home/qjs/extra_disk/project/github/python/jd_seckill/jd_spider_requests.py[line:104] - INFO: 商品名称:【七彩虹RTX显卡】七彩虹（Colorful）iGame GeForce RTX 5080 Vulcan OC 16GB GDDR7 DLSS 4 电竞光追游戏设计电脑显卡【行情 报价 价格 评测】-京东
2025-02-20 17:00:57,163 - 2906984-MainThread - /home/qjs/extra_disk/project/github/python/jd_seckill/jd_spider_requests.py[line:104] - INFO: 商品名称:【七彩虹RTX显卡】七彩虹（Colorful）iGame GeForce RTX 5080 Vulcan OC 16GB GDDR7 DLSS 4 电竞光追游戏设计电脑显卡【行情 报价 价格 评测】-京东
2025-02-20 17:03:14,013 - 2911145-MainThread - /home/qjs/extra_disk/project/github/python/jd_seckill/jd_spider_requests.py[line:89] - INFO: 校验是否登录[成功]
2025-02-20 17:03:14,470 - 2911145-MainThread - /home/qjs/extra_disk/project/github/python/jd_seckill/jd_spider_requests.py[line:90] - INFO: 用户:jd_135330zkl
2025-02-20 17:03:15,162 - 2911145-MainThread - /home/qjs/extra_disk/project/github/python/jd_seckill/jd_spider_requests.py[line:105] - INFO: 商品名称:【七彩虹RTX显卡】七彩虹（Colorful）iGame GeForce RTX 5080 Vulcan OC 16GB GDDR7 DLSS 4 电竞光追游戏设计电脑显卡【行情 报价 价格 评测】-京东
2025-02-20 17:04:56,790 - 2913897-MainThread - /home/qjs/extra_disk/project/github/python/jd_seckill/jd_spider_requests.py[line:89] - INFO: 校验是否登录[成功]
2025-02-20 17:04:57,205 - 2913897-MainThread - /home/qjs/extra_disk/project/github/python/jd_seckill/jd_spider_requests.py[line:90] - INFO: 用户:jd_135330zkl
2025-02-20 17:04:57,807 - 2913897-MainThread - /home/qjs/extra_disk/project/github/python/jd_seckill/jd_spider_requests.py[line:105] - INFO: 商品名称:【七彩虹RTX显卡】七彩虹（Colorful）iGame GeForce RTX 5080 Vulcan OC 16GB GDDR7 DLSS 4 电竞光追游戏设计电脑显卡【行情 报价 价格 评测】-京东
